<?xml version="1.0" encoding="UTF-8"?>
<!-- Generated by org.testng.reporters.JUnitXMLReporter -->
<testsuite hostname="DESKTOP-QC81JBI" ignored="0" name="Default test" tests="6" failures="0" timestamp="2021-06-05T23:14:21 IST" time="5.519" errors="0">
  <testcase name="rr" time="0.057" classname="com.google.demo.Remo"/>
  <testcase name="rr" time="0.0" classname="com.google.demo.Remo"/>
  <testcase name="rr" time="0.0" classname="com.google.demo.Remo"/>
  <testcase name="csk" time="5.02" classname="com.google.demo.Remo"/>
  <testcase name="mi" time="0.032" classname="com.google.demo.Remo"/>
  <testcase name="srh" time="0.031" classname="com.google.demo.Remo"/>
</testsuite> <!-- Default test -->
